Content-Type: text/plain; charset="utf-8"
MIME-Version: 1.0
Content-Transfer-Encoding: 8bit
Subject: Password reset on 127.0.0.1:8000
From: webmaster@localhost
To: familiacedram@gmail.com
Date: Tue, 22 Nov 2022 15:38:03 -0000
Message-ID: <166913148393.14992.11387332242624944070@DESKTOP-SO42H39>


You're receiving this email because you requested a password reset for your user account at 127.0.0.1:8000.

Please go to the following page and choose a new password:

http://127.0.0.1:8000/accounts/reset/Mg/bfadjf-d53e5bed4bd7df2f66258d4a0c1c99d3/

Your username, in case you’ve forgotten: Gersom1

Thanks for using our site!

The 127.0.0.1:8000 team



-------------------------------------------------------------------------------
Content-Type: text/plain; charset="utf-8"
MIME-Version: 1.0
Content-Transfer-Encoding: 8bit
Subject: Password reset on 127.0.0.1:8000
From: webmaster@localhost
To: familiacedram@gmail.com
Date: Tue, 22 Nov 2022 15:38:03 -0000
Message-ID: <166913148393.14992.1087810047346016962@DESKTOP-SO42H39>


You're receiving this email because you requested a password reset for your user account at 127.0.0.1:8000.

Please go to the following page and choose a new password:

http://127.0.0.1:8000/accounts/reset/OA/bfadjf-9e9224fcc18a4350c5acd411b0472eb2/

Your username, in case you’ve forgotten: admin

Thanks for using our site!

The 127.0.0.1:8000 team



-------------------------------------------------------------------------------
