Content-Type: text/plain; charset="utf-8"
MIME-Version: 1.0
Content-Transfer-Encoding: 8bit
Subject: Password reset on 127.0.0.1:8000
From: webmaster@localhost
To: wendidecedeno@gmail.com
Date: Sun, 13 Nov 2022 23:01:05 -0000
Message-ID: <166838046558.9152.11998200736381643779@DESKTOP-SO42H39>


You're receiving this email because you requested a password reset for your user account at 127.0.0.1:8000.

Please go to the following page and choose a new password:

http://127.0.0.1:8000/accounts/reset/NA/beua1t-37457518051ee78b6b821a4e16edde0e/

Your username, in case you’ve forgotten: nueva

Thanks for using our site!

The 127.0.0.1:8000 team



-------------------------------------------------------------------------------
Content-Type: text/plain; charset="utf-8"
MIME-Version: 1.0
Content-Transfer-Encoding: 8bit
Subject: Password reset on 127.0.0.1:8000
From: webmaster@localhost
To: wendidecedeno@gmail.com
Date: Sun, 13 Nov 2022 23:01:05 -0000
Message-ID: <166838046559.9152.2636087946584464283@DESKTOP-SO42H39>


You're receiving this email because you requested a password reset for your user account at 127.0.0.1:8000.

Please go to the following page and choose a new password:

http://127.0.0.1:8000/accounts/reset/NQ/beua1t-981be85d15b2a2716d90b1d1c811baab/

Your username, in case you’ve forgotten: nueva1

Thanks for using our site!

The 127.0.0.1:8000 team



-------------------------------------------------------------------------------
Content-Type: text/plain; charset="utf-8"
MIME-Version: 1.0
Content-Transfer-Encoding: 8bit
Subject: Password reset on 127.0.0.1:8000
From: webmaster@localhost
To: wendidecedeno@gmail.com
Date: Sun, 13 Nov 2022 23:01:05 -0000
Message-ID: <166838046560.9152.16254403584774741400@DESKTOP-SO42H39>


You're receiving this email because you requested a password reset for your user account at 127.0.0.1:8000.

Please go to the following page and choose a new password:

http://127.0.0.1:8000/accounts/reset/OQ/beua1t-eb42e75ebe433aa7e0de3d7dc59a13f8/

Your username, in case you’ve forgotten: wendi

Thanks for using our site!

The 127.0.0.1:8000 team



-------------------------------------------------------------------------------
